#
# There is insufficient memory for the Java Runtime Environment to continue.
# Native memory allocation (malloc) failed to allocate 1502384 bytes for Chunk::new
# Possible reasons:
#   The system is out of physical RAM or swap space
#   The process is running with CompressedOops enabled, and the Java Heap may be blocking the growth of the native heap
# Possible solutions:
#   Reduce memory load on the system
#   Increase physical memory or swap space
#   Check if swap backing store is full
#   Decrease Java heap size (-Xmx/-Xms)
#   Decrease number of Java threads
#   Decrease Java thread stack sizes (-Xss)
#   Set larger code cache with -XX:ReservedCodeCacheSize=
#   JVM is running with Unscaled Compressed Oops mode in which the Java heap is
#     placed in the first 4GB address space. The Java Heap base address is the
#     maximum limit for the native heap growth. Please use -XX:HeapBaseMinAddress
#     to set the Java Heap base and to place the Java Heap above 4GB virtual address.
# This output file may be truncated or incomplete.
#
#  Out of Memory Error (allocation.cpp:389), pid=6388, tid=0x0000000000001dc4
#
# JRE version: Java(TM) SE Runtime Environment (8.0_202-b08) (build 1.8.0_202-b08)
# Java VM: Java HotSpot(TM) 64-Bit Server VM (25.202-b08 mixed mode windows-amd64 compressed oops)
# Failed to write core dump. Minidumps are not enabled by default on client versions of Windows
#

---------------  T H R E A D  ---------------

Current thread (0x0000000054f1d000):  JavaThread "C2 CompilerThread1" daemon [_thread_in_native, id=7620, stack(0x0000000056330000,0x0000000056430000)]

Stack: [0x0000000056330000,0x0000000056430000]
[error occurred during error reporting (printing stack bounds), id 0xc0000005]

Native frames: (J=compiled Java code, j=interpreted, Vv=VM code, C=native code)


Current CompileTask:
C2:   3963 1350       4       java.net.URLClassLoader$1::run (5 bytes)


---------------  P R O C E S S  ---------------

Java Threads: ( => current thread )
  0x0000000054f21000 JavaThread "Cache worker for journal cache (C:\Users\1\.gradle\caches\journal-1)" [_thread_blocked, id=2132, stack(0x00000000596d0000,0x00000000597d0000)]
  0x0000000054f20000 JavaThread "File lock request listener" [_thread_in_native, id=5532, stack(0x0000000059580000,0x0000000059680000)]
  0x0000000054f1f800 JavaThread "Cache worker for file hash cache (C:\Users\1\.gradle\caches\5.2.1\fileHashes)" [_thread_blocked, id=4460, stack(0x0000000059380000,0x0000000059480000)]
  0x0000000057bc3000 JavaThread "Thread-9" [_thread_blocked, id=7996, stack(0x0000000059250000,0x0000000059350000)]
  0x0000000057b6a800 JavaThread "Stdin handler" [_thread_blocked, id=7572, stack(0x00000000590e0000,0x00000000591e0000)]
  0x0000000057b65000 JavaThread "Asynchronous log dispatcher for DefaultDaemonConnection: socket connection from /127.0.0.1:51541 to /127.0.0.1:51542" [_thread_blocked, id=7516, stack(0x0000000058fc0000,0x00000000590c0000)]
  0x0000000057b61000 JavaThread "Daemon worker" [_thread_in_native, id=5944, stack(0x0000000056200000,0x0000000056300000)]
  0x0000000057b53800 JavaThread "Cancel handler" [_thread_blocked, id=5660, stack(0x0000000058b50000,0x0000000058c50000)]
  0x0000000057b4c000 JavaThread "Handler for socket connection from /127.0.0.1:51541 to /127.0.0.1:51542" [_thread_in_native, id=3444, stack(0x0000000058090000,0x0000000058190000)]
  0x0000000057b4b000 JavaThread "Daemon" [_thread_blocked, id=4816, stack(0x00000000589d0000,0x0000000058ad0000)]
  0x0000000057aeb000 JavaThread "Daemon periodic checks" [_thread_blocked, id=1148, stack(0x00000000587e0000,0x00000000588e0000)]
  0x0000000057ad4800 JavaThread "Incoming local TCP Connector on port 51541" [_thread_in_native, id=7952, stack(0x00000000586e0000,0x00000000587e0000)]
  0x000000005785d000 JavaThread "Daemon health stats" [_thread_blocked, id=7472, stack(0x00000000581b0000,0x00000000582b0000)]
  0x0000000053b4f800 JavaThread "Service Thread" daemon [_thread_blocked, id=7648, stack(0x0000000056570000,0x0000000056670000)]
  0x0000000054f1e000 JavaThread "C1 CompilerThread2" daemon [_thread_blocked, id=3112, stack(0x0000000056470000,0x0000000056570000)]
=>0x0000000054f1d000 JavaThread "C2 CompilerThread1" daemon [_thread_in_native, id=7620, stack(0x0000000056330000,0x0000000056430000)]
  0x0000000053b47800 JavaThread "C2 CompilerThread0" daemon [_thread_blocked, id=7524, stack(0x00000000560f0000,0x00000000561f0000)]
  0x0000000053b43800 JavaThread "Attach Listener" daemon [_thread_blocked, id=1600, stack(0x0000000055f10000,0x0000000056010000)]
  0x0000000053b42000 JavaThread "Signal Dispatcher" daemon [_thread_blocked, id=7684, stack(0x0000000055340000,0x0000000055440000)]
  0x0000000053b2c000 JavaThread "Finalizer" daemon [_thread_blocked, id=7904, stack(0x0000000054bc0000,0x0000000054cc0000)]
  0x0000000053b25000 JavaThread "Reference Handler" daemon [_thread_blocked, id=7748, stack(0x0000000054d40000,0x0000000054e40000)]
  0x0000000001ede800 JavaThread "main" [_thread_blocked, id=5320, stack(0x0000000002050000,0x0000000002150000)]

Other Threads:
  0x0000000053add000 VMThread [stack: 0x0000000054a70000,0x0000000054b70000] [id=852]
  0x0000000054fc2000 WatcherThread [stack: 0x0000000056770000,0x0000000056870000] [id=6004]

VM state:not at safepoint (normal execution)

VM Mutex/Monitor currently owned by a thread: None

heap address: 0x00000000e0000000, size: 512 MB, Compressed Oops mode: 32-bit
Narrow klass base: 0x0000000000000000, Narrow klass shift: 0
Compressed class space size: 1073741824 Address: 0x0000000013150000

Heap:
 PSYoungGen      total 35328K, used 13684K [0x00000000f5580000, 0x00000000fa180000, 0x0000000100000000)
  eden space 32768K, 34% used [0x00000000f5580000,0x00000000f6065110,0x00000000f7580000)
  from space 2560K, 98% used [0x00000000f7580000,0x00000000f77f8040,0x00000000f7800000)
  to   space 6144K, 0% used [0x00000000f9b80000,0x00000000f9b80000,0x00000000fa180000)
 ParOldGen       total 44032K, used 6208K [0x00000000e0000000, 0x00000000e2b00000, 0x00000000f5580000)
  object space 44032K, 14% used [0x00000000e0000000,0x00000000e0610088,0x00000000e2b00000)
 Metaspace       used 14390K, capacity 14688K, committed 14848K, reserved 1062912K
  class space    used 2066K, capacity 2192K, committed 2304K, reserved 1048576K

Card table byte_map: [0x0000000011880000,0x0000000011990000] byte_map_base: 0x0000000011180000

Marking Bits: (ParMarkBitMap*) 0x0000000055d65ce0
 Begin Bits: [0x0000000012150000, 0x0000000012950000)
 End Bits:   [0x0000000012950000, 0x0000000013150000)

Polling page: 0x0000000000110000

CodeCache: size=245760Kb used=4844Kb max_used=4845Kb free=240915Kb
 bounds [0x00000000024c0000, 0x0000000002980000, 0x00000000114c0000]
 total_blobs=1738 nmethods=1357 adapters=293
 compilation: enabled

Compilation events (10 events):
Event: 3.596 Thread 0x0000000054f1e000 1354       3       org.gradle.internal.reflect.JavaMethod::<init> (20 bytes)
Event: 3.596 Thread 0x0000000053b47800 1357       4       java.lang.CharacterDataLatin1::isWhitespace (23 bytes)
Event: 3.596 Thread 0x0000000054f1e000 nmethod 1354 0x000000000297a110 code [0x000000000297a2a0, 0x000000000297a718]
Event: 3.596 Thread 0x0000000054f1e000 1355       3       org.gradle.internal.service.ReflectionBasedServiceMethod::<init> (16 bytes)
Event: 3.597 Thread 0x0000000053b47800 nmethod 1357 0x000000000297d390 code [0x000000000297d4c0, 0x000000000297d558]
Event: 3.597 Thread 0x0000000054f1e000 nmethod 1355 0x00000000029795d0 code [0x0000000002979780, 0x0000000002979d88]
Event: 3.597 Thread 0x0000000054f1e000 1356       3       org.gradle.internal.reflect.JavaMethod::of (10 bytes)
Event: 3.597 Thread 0x0000000054f1e000 nmethod 1356 0x0000000002978c90 code [0x0000000002978e40, 0x0000000002979338]
Event: 3.598 Thread 0x0000000054f1e000 1358       3       org.gradle.internal.service.DefaultServiceRegistry$FactoryMethodService::<init> (29 bytes)
Event: 3.599 Thread 0x0000000054f1e000 nmethod 1358 0x000000000297c310 code [0x000000000297c4e0, 0x000000000297cd08]

GC Heap History (10 events):
Event: 0.570 GC heap before
{Heap before GC invocations=1 (full 0):
 PSYoungGen      total 18944K, used 16384K [0x00000000f5580000, 0x00000000f6a80000, 0x0000000100000000)
  eden space 16384K, 100% used [0x00000000f5580000,0x00000000f6580000,0x00000000f6580000)
  from space 2560K, 0% used [0x00000000f6800000,0x00000000f6800000,0x00000000f6a80000)
  to   space 2560K, 0% used [0x00000000f6580000,0x00000000f6580000,0x00000000f6800000)
 ParOldGen       total 44032K, used 0K [0x00000000e0000000, 0x00000000e2b00000, 0x00000000f5580000)
  object space 44032K, 0% used [0x00000000e0000000,0x00000000e0000000,0x00000000e2b00000)
 Metaspace       used 6264K, capacity 6426K, committed 6528K, reserved 1056768K
  class space    used 791K, capacity 846K, committed 896K, reserved 1048576K
Event: 0.574 GC heap after
Heap after GC invocations=1 (full 0):
 PSYoungGen      total 18944K, used 2549K [0x00000000f5580000, 0x00000000f6a80000, 0x0000000100000000)
  eden space 16384K, 0% used [0x00000000f5580000,0x00000000f5580000,0x00000000f6580000)
  from space 2560K, 99% used [0x00000000f6580000,0x00000000f67fd630,0x00000000f6800000)
  to   space 2560K, 0% used [0x00000000f6800000,0x00000000f6800000,0x00000000f6a80000)
 ParOldGen       total 44032K, used 256K [0x00000000e0000000, 0x00000000e2b00000, 0x00000000f5580000)
  object space 44032K, 0% used [0x00000000e0000000,0x00000000e00400c0,0x00000000e2b00000)
 Metaspace       used 6264K, capacity 6426K, committed 6528K, reserved 1056768K
  class space    used 791K, capacity 846K, committed 896K, reserved 1048576K
}
Event: 0.833 GC heap before
{Heap before GC invocations=2 (full 0):
 PSYoungGen      total 18944K, used 18933K [0x00000000f5580000, 0x00000000f6a80000, 0x0000000100000000)
  eden space 16384K, 100% used [0x00000000f5580000,0x00000000f6580000,0x00000000f6580000)
  from space 2560K, 99% used [0x00000000f6580000,0x00000000f67fd630,0x00000000f6800000)
  to   space 2560K, 0% used [0x00000000f6800000,0x00000000f6800000,0x00000000f6a80000)
 ParOldGen       total 44032K, used 256K [0x00000000e0000000, 0x00000000e2b00000, 0x00000000f5580000)
  object space 44032K, 0% used [0x00000000e0000000,0x00000000e00400c0,0x00000000e2b00000)
 Metaspace       used 6992K, capacity 7130K, committed 7424K, reserved 1056768K
  class space    used 875K, capacity 910K, committed 1024K, reserved 1048576K
Event: 0.841 GC heap after
Heap after GC invocations=2 (full 0):
 PSYoungGen      total 18944K, used 2531K [0x00000000f5580000, 0x00000000f7a80000, 0x0000000100000000)
  eden space 16384K, 0% used [0x00000000f5580000,0x00000000f5580000,0x00000000f6580000)
  from space 2560K, 98% used [0x00000000f6800000,0x00000000f6a78e10,0x00000000f6a80000)
  to   space 2560K, 0% used [0x00000000f6580000,0x00000000f6580000,0x00000000f6800000)
 ParOldGen       total 44032K, used 559K [0x00000000e0000000, 0x00000000e2b00000, 0x00000000f5580000)
  object space 44032K, 1% used [0x00000000e0000000,0x00000000e008bf58,0x00000000e2b00000)
 Metaspace       used 6992K, capacity 7130K, committed 7424K, reserved 1056768K
  class space    used 875K, capacity 910K, committed 1024K, reserved 1048576K
}
Event: 1.049 GC heap before
{Heap before GC invocations=3 (full 0):
 PSYoungGen      total 18944K, used 18915K [0x00000000f5580000, 0x00000000f7a80000, 0x0000000100000000)
  eden space 16384K, 100% used [0x00000000f5580000,0x00000000f6580000,0x00000000f6580000)
  from space 2560K, 98% used [0x00000000f6800000,0x00000000f6a78e10,0x00000000f6a80000)
  to   space 2560K, 0% used [0x00000000f6580000,0x00000000f6580000,0x00000000f6800000)
 ParOldGen       total 44032K, used 559K [0x00000000e0000000, 0x00000000e2b00000, 0x00000000f5580000)
  object space 44032K, 1% used [0x00000000e0000000,0x00000000e008bf58,0x00000000e2b00000)
 Metaspace       used 7193K, capacity 7410K, committed 7680K, reserved 1056768K
  class space    used 905K, capacity 982K, committed 1024K, reserved 1048576K
Event: 1.053 GC heap after
Heap after GC invocations=3 (full 0):
 PSYoungGen      total 18944K, used 2537K [0x00000000f5580000, 0x00000000f7a80000, 0x0000000100000000)
  eden space 16384K, 0% used [0x00000000f5580000,0x00000000f5580000,0x00000000f6580000)
  from space 2560K, 99% used [0x00000000f6580000,0x00000000f67fa450,0x00000000f6800000)
  to   space 2560K, 0% used [0x00000000f7800000,0x00000000f7800000,0x00000000f7a80000)
 ParOldGen       total 44032K, used 988K [0x00000000e0000000, 0x00000000e2b00000, 0x00000000f5580000)
  object space 44032K, 2% used [0x00000000e0000000,0x00000000e00f71d0,0x00000000e2b00000)
 Metaspace       used 7193K, capacity 7410K, committed 7680K, reserved 1056768K
  class space    used 905K, capacity 982K, committed 1024K, reserved 1048576K
}
Event: 1.339 GC heap before
{Heap before GC invocations=4 (full 0):
 PSYoungGen      total 18944K, used 18921K [0x00000000f5580000, 0x00000000f7a80000, 0x0000000100000000)
  eden space 16384K, 100% used [0x00000000f5580000,0x00000000f6580000,0x00000000f6580000)
  from space 2560K, 99% used [0x00000000f6580000,0x00000000f67fa450,0x00000000f6800000)
  to   space 2560K, 0% used [0x00000000f7800000,0x00000000f7800000,0x00000000f7a80000)
 ParOldGen       total 44032K, used 988K [0x00000000e0000000, 0x00000000e2b00000, 0x00000000f5580000)
  object space 44032K, 2% used [0x00000000e0000000,0x00000000e00f71d0,0x00000000e2b00000)
 Metaspace       used 8944K, capacity 9212K, committed 9216K, reserved 1056768K
  class space    used 1189K, capacity 1276K, committed 1280K, reserved 1048576K
Event: 1.344 GC heap after
Heap after GC invocations=4 (full 0):
 PSYoungGen      total 35328K, used 2560K [0x00000000f5580000, 0x00000000f7a80000, 0x0000000100000000)
  eden space 32768K, 0% used [0x00000000f5580000,0x00000000f5580000,0x00000000f7580000)
  from space 2560K, 100% used [0x00000000f7800000,0x00000000f7a80000,0x00000000f7a80000)
  to   space 2560K, 0% used [0x00000000f7580000,0x00000000f7580000,0x00000000f7800000)
 ParOldGen       total 44032K, used 2362K [0x00000000e0000000, 0x00000000e2b00000, 0x00000000f5580000)
  object space 44032K, 5% used [0x00000000e0000000,0x00000000e024e8a0,0x00000000e2b00000)
 Metaspace       used 8944K, capacity 9212K, committed 9216K, reserved 1056768K
  class space    used 1189K, capacity 1276K, committed 1280K, reserved 1048576K
}
Event: 2.901 GC heap before
{Heap before GC invocations=5 (full 0):
 PSYoungGen      total 35328K, used 35328K [0x00000000f5580000, 0x00000000f7a80000, 0x0000000100000000)
  eden space 32768K, 100% used [0x00000000f5580000,0x00000000f7580000,0x00000000f7580000)
  from space 2560K, 100% used [0x00000000f7800000,0x00000000f7a80000,0x00000000f7a80000)
  to   space 2560K, 0% used [0x00000000f7580000,0x00000000f7580000,0x00000000f7800000)
 ParOldGen       total 44032K, used 2362K [0x00000000e0000000, 0x00000000e2b00000, 0x00000000f5580000)
  object space 44032K, 5% used [0x00000000e0000000,0x00000000e024e8a0,0x00000000e2b00000)
 Metaspace       used 13298K, capacity 13632K, committed 13824K, reserved 1060864K
  class space    used 1886K, capacity 2032K, committed 2048K, reserved 1048576K
Event: 2.906 GC heap after
Heap after GC invocations=5 (full 0):
 PSYoungGen      total 35328K, used 2528K [0x00000000f5580000, 0x00000000fa180000, 0x0000000100000000)
  eden space 32768K, 0% used [0x00000000f5580000,0x00000000f5580000,0x00000000f7580000)
  from space 2560K, 98% used [0x00000000f7580000,0x00000000f77f8040,0x00000000f7800000)
  to   space 6144K, 0% used [0x00000000f9b80000,0x00000000f9b80000,0x00000000fa180000)
 ParOldGen       total 44032K, used 6208K [0x00000000e0000000, 0x00000000e2b00000, 0x00000000f5580000)
  object space 44032K, 14% used [0x00000000e0000000,0x00000000e0610088,0x00000000e2b00000)
 Metaspace       used 13298K, capacity 13632K, committed 13824K, reserved 1060864K
  class space    used 1886K, capacity 2032K, committed 2048K, reserved 1048576K
}

Deoptimization events (10 events):
Event: 1.789 Thread 0x0000000057b4c000 Uncommon trap: reason=unstable_if action=reinterpret pc=0x0000000002890ed0 method=java.util.concurrent.ConcurrentHashMap.putVal(Ljava/lang/Object;Ljava/lang/Object;Z)Ljava/lang/Object; @ 206
Event: 1.853 Thread 0x0000000057b61000 Uncommon trap: reason=bimorphic action=maybe_recompile pc=0x000000000274a6e8 method=java.util.HashMap.putVal(ILjava/lang/Object;Ljava/lang/Object;ZZ)Ljava/lang/Object; @ 253
Event: 1.853 Thread 0x0000000057b61000 Uncommon trap: reason=bimorphic action=maybe_recompile pc=0x000000000274a6e8 method=java.util.HashMap.putVal(ILjava/lang/Object;Ljava/lang/Object;ZZ)Ljava/lang/Object; @ 253
Event: 1.853 Thread 0x0000000057b61000 Uncommon trap: reason=bimorphic action=maybe_recompile pc=0x000000000274a6e8 method=java.util.HashMap.putVal(ILjava/lang/Object;Ljava/lang/Object;ZZ)Ljava/lang/Object; @ 253
Event: 1.853 Thread 0x0000000057b61000 Uncommon trap: reason=bimorphic action=maybe_recompile pc=0x000000000274a6e8 method=java.util.HashMap.putVal(ILjava/lang/Object;Ljava/lang/Object;ZZ)Ljava/lang/Object; @ 253
Event: 1.853 Thread 0x0000000057b61000 Uncommon trap: reason=bimorphic action=maybe_recompile pc=0x0000000002745bb4 method=java.util.HashMap.putVal(ILjava/lang/Object;Ljava/lang/Object;ZZ)Ljava/lang/Object; @ 253
Event: 2.895 Thread 0x0000000057b61000 Uncommon trap: reason=class_check action=maybe_recompile pc=0x0000000002794b08 method=java.util.regex.Matcher.match(II)Z @ 86
Event: 2.945 Thread 0x0000000057b61000 Uncommon trap: reason=class_check action=maybe_recompile pc=0x0000000002794b08 method=java.util.regex.Matcher.match(II)Z @ 86
Event: 2.945 Thread 0x0000000057b61000 Uncommon trap: reason=class_check action=maybe_recompile pc=0x0000000002794b08 method=java.util.regex.Matcher.match(II)Z @ 86
Event: 2.945 Thread 0x0000000057b61000 Uncommon trap: reason=class_check action=maybe_recompile pc=0x000000000275628c method=java.util.regex.Matcher.match(II)Z @ 86

Classes redefined (0 events):
No events

Internal exceptions (10 events):
Event: 1.791 Thread 0x0000000057b4c000 Exception <a 'java/lang/NoSuchMethodError': <clinit>> (0x00000000f5f01748) thrown at [C:\re\workspace\8-2-build-windows-amd64-cygwin\jdk8u202\12323\hotspot\src\share\vm\prims\jni.cpp, line 1614]
Event: 1.792 Thread 0x0000000057b4c000 Exception <a 'java/lang/NoSuchMethodError': <clinit>> (0x00000000f5f167d8) thrown at [C:\re\workspace\8-2-build-windows-amd64-cygwin\jdk8u202\12323\hotspot\src\share\vm\prims\jni.cpp, line 1614]
Event: 1.795 Thread 0x0000000057b4c000 Exception <a 'java/lang/NoSuchMethodError': <clinit>> (0x00000000f5f29ca0) thrown at [C:\re\workspace\8-2-build-windows-amd64-cygwin\jdk8u202\12323\hotspot\src\share\vm\prims\jni.cpp, line 1614]
Event: 1.797 Thread 0x0000000057b4c000 Exception <a 'java/lang/NoSuchMethodError': <clinit>> (0x00000000f5f51398) thrown at [C:\re\workspace\8-2-build-windows-amd64-cygwin\jdk8u202\12323\hotspot\src\share\vm\prims\jni.cpp, line 1614]
Event: 1.799 Thread 0x0000000057b4c000 Exception <a 'java/lang/NoSuchMethodError': <clinit>> (0x00000000f5f69388) thrown at [C:\re\workspace\8-2-build-windows-amd64-cygwin\jdk8u202\12323\hotspot\src\share\vm\prims\jni.cpp, line 1614]
Event: 1.800 Thread 0x0000000057b4c000 Exception <a 'java/lang/NoSuchMethodError': <clinit>> (0x00000000f5f72018) thrown at [C:\re\workspace\8-2-build-windows-amd64-cygwin\jdk8u202\12323\hotspot\src\share\vm\prims\jni.cpp, line 1614]
Event: 1.801 Thread 0x0000000057b4c000 Exception <a 'java/lang/NoSuchMethodError': <clinit>> (0x00000000f5f885f0) thrown at [C:\re\workspace\8-2-build-windows-amd64-cygwin\jdk8u202\12323\hotspot\src\share\vm\prims\jni.cpp, line 1614]
Event: 1.820 Thread 0x0000000057b4c000 Exception <a 'java/lang/NoSuchMethodError': <clinit>> (0x00000000f5febac0) thrown at [C:\re\workspace\8-2-build-windows-amd64-cygwin\jdk8u202\12323\hotspot\src\share\vm\prims\jni.cpp, line 1614]
Event: 1.823 Thread 0x0000000057b4c000 Exception <a 'java/lang/NoSuchMethodError': <clinit>> (0x00000000f60182a8) thrown at [C:\re\workspace\8-2-build-windows-amd64-cygwin\jdk8u202\12323\hotspot\src\share\vm\prims\jni.cpp, line 1614]
Event: 1.826 Thread 0x0000000057b4c000 Exception <a 'java/lang/NoSuchMethodError': <clinit>> (0x00000000f6034af8) thrown at [C:\re\workspace\8-2-build-windows-amd64-cygwin\jdk8u202\12323\hotspot\src\share\vm\prims\jni.cpp, line 1614]

Events (10 events):
Event: 3.884 loading class kotlin/reflect/jvm/internal/KPropertyImpl$_descriptor$1
Event: 3.884 loading class kotlin/reflect/jvm/internal/KPropertyImpl$_descriptor$1 done
Event: 3.884 loading class kotlin/reflect/jvm/internal/KProperty1Impl$_getter$1
Event: 3.884 loading class kotlin/reflect/jvm/internal/KProperty1Impl$_getter$1 done
Event: 3.885 loading class kotlin/LazyThreadSafetyMode
Event: 3.885 loading class kotlin/LazyThreadSafetyMode done
Event: 3.885 loading class kotlin/reflect/jvm/internal/KProperty1Impl$delegateField$1
Event: 3.885 loading class kotlin/reflect/jvm/internal/KProperty1Impl$delegateField$1 done
Event: 3.885 loading class kotlin/LazyKt
Event: 3.885 loading class kotlin/LazyKt done


Dynamic libraries:
0x000000013fbc0000 - 0x000000013fbf7000 	C:\Program Files\Java\jdk1.8.0_202\bin\java.exe
0x00000000777e0000 - 0x000000007797f000 	C:\Windows\SYSTEM32\ntdll.dll
0x00000000776c0000 - 0x00000000777df000 	C:\Windows\system32\kernel32.dll
0x000007fefd600000 - 0x000007fefd66a000 	C:\Windows\system32\KERNELBASE.dll
0x000007fefd6f0000 - 0x000007fefd7cb000 	C:\Windows\system32\ADVAPI32.dll
0x000007fefd7d0000 - 0x000007fefd86f000 	C:\Windows\system32\msvcrt.dll
0x000007fefe8c0000 - 0x000007fefe8df000 	C:\Windows\SYSTEM32\sechost.dll
0x000007fefe4c0000 - 0x000007fefe5ed000 	C:\Windows\system32\RPCRT4.dll
0x00000000775c0000 - 0x00000000776ba000 	C:\Windows\system32\USER32.dll
0x000007fefe450000 - 0x000007fefe4b7000 	C:\Windows\system32\GDI32.dll
0x000007fefdab0000 - 0x000007fefdabe000 	C:\Windows\system32\LPK.dll
0x000007fefe960000 - 0x000007fefea2b000 	C:\Windows\system32\USP10.dll
0x000007fefbbe0000 - 0x000007fefbdd4000 	C:\Windows\WinSxS\amd64_microsoft.windows.common-controls_6595b64144ccf1df_6.0.7601.18837_none_fa3b1e3d17594757\COMCTL32.dll
0x000007fefd870000 - 0x000007fefd8e1000 	C:\Windows\system32\SHLWAPI.dll
0x000007fefda80000 - 0x000007fefdaae000 	C:\Windows\system32\IMM32.DLL
0x000007feff9c0000 - 0x000007feffac9000 	C:\Windows\system32\MSCTF.dll
0x0000000055df0000 - 0x0000000055ec2000 	C:\Program Files\Java\jdk1.8.0_202\jre\bin\msvcr100.dll
0x0000000055540000 - 0x0000000055de5000 	C:\Program Files\Java\jdk1.8.0_202\jre\bin\server\jvm.dll
0x000007fef8770000 - 0x000007fef8779000 	C:\Windows\system32\WSOCK32.dll
0x000007fefe180000 - 0x000007fefe1cd000 	C:\Windows\system32\WS2_32.dll
0x000007fefe0b0000 - 0x000007fefe0b8000 	C:\Windows\system32\NSI.dll
0x000007fef9fb0000 - 0x000007fef9feb000 	C:\Windows\system32\WINMM.dll
0x000007fefc3a0000 - 0x000007fefc3ac000 	C:\Windows\system32\VERSION.dll
0x0000000077980000 - 0x0000000077987000 	C:\Windows\system32\PSAPI.DLL
0x000007fefbfd0000 - 0x000007fefbfdf000 	C:\Program Files\Java\jdk1.8.0_202\jre\bin\verify.dll
0x000007fef9600000 - 0x000007fef9629000 	C:\Program Files\Java\jdk1.8.0_202\jre\bin\java.dll
0x000007fef95e0000 - 0x000007fef95f6000 	C:\Program Files\Java\jdk1.8.0_202\jre\bin\zip.dll
0x000007fefea30000 - 0x000007feff7ba000 	C:\Windows\system32\SHELL32.dll
0x000007feff7c0000 - 0x000007feff9bf000 	C:\Windows\system32\ole32.dll
0x000007fefd330000 - 0x000007fefd33f000 	C:\Windows\system32\profapi.dll
0x000007fef95c0000 - 0x000007fef95da000 	C:\Program Files\Java\jdk1.8.0_202\jre\bin\net.dll
0x000007fefd8f0000 - 0x000007fefda78000 	C:\Windows\system32\urlmon.dll
0x000007fefd690000 - 0x000007fefd694000 	C:\Windows\system32\api-ms-win-downlevel-ole32-l1-1-0.dll
0x000007fefd470000 - 0x000007fefd474000 	C:\Windows\system32\api-ms-win-downlevel-shlwapi-l1-1-0.dll
0x000007fefd6b0000 - 0x000007fefd6b5000 	C:\Windows\system32\api-ms-win-downlevel-advapi32-l1-1-0.dll
0x000007fefd6e0000 - 0x000007fefd6e4000 	C:\Windows\system32\api-ms-win-downlevel-user32-l1-1-0.dll
0x000007fefd5f0000 - 0x000007fefd5f4000 	C:\Windows\system32\api-ms-win-downlevel-version-l1-1-0.dll
0x000007fefd6a0000 - 0x000007fefd6a3000 	C:\Windows\system32\api-ms-win-downlevel-normaliz-l1-1-0.dll
0x0000000077990000 - 0x0000000077993000 	C:\Windows\system32\normaliz.DLL
0x000007fefe5f0000 - 0x000007fefe8ba000 	C:\Windows\system32\iertutil.dll
0x000007fefdba0000 - 0x000007fefe04c000 	C:\Windows\system32\WININET.dll
0x000007fefd6c0000 - 0x000007fefd6de000 	C:\Windows\system32\USERENV.dll
0x000007fefca70000 - 0x000007fefcac5000 	C:\Windows\system32\mswsock.dll
0x000007fefca60000 - 0x000007fefca67000 	C:\Windows\System32\wship6.dll
0x000007fef95a0000 - 0x000007fef95b2000 	C:\Program Files\Java\jdk1.8.0_202\jre\bin\nio.dll
0x000007fef8b40000 - 0x000007fef8b66000 	C:\Users\1\.gradle\native\28\windows-amd64\native-platform.dll
0x000007fef88e0000 - 0x000007fef88e3000 	C:\Windows\system32\api-ms-win-core-synch-l1-2-0.DLL
0x000007fef9590000 - 0x000007fef959d000 	C:\Program Files\Java\jdk1.8.0_202\jre\bin\management.dll
0x000007fefcad0000 - 0x000007fefcae8000 	C:\Windows\system32\CRYPTSP.dll
0x000007fefc7d0000 - 0x000007fefc817000 	C:\Windows\system32\rsaenh.dll
0x000007fefd190000 - 0x000007fefd19f000 	C:\Windows\system32\CRYPTBASE.dll
0x000007fefa740000 - 0x000007fefa767000 	C:\Windows\system32\IPHLPAPI.DLL
0x000007fefa720000 - 0x000007fefa72b000 	C:\Windows\system32\WINNSI.DLL
0x000007fefa620000 - 0x000007fefa631000 	C:\Windows\system32\dhcpcsvc6.DLL
0x000007fefa600000 - 0x000007fefa618000 	C:\Windows\system32\dhcpcsvc.DLL

VM Arguments:
jvm_args: -XX:MaxMetaspaceSize=256m -XX:+HeapDumpOnOutOfMemoryError -Xmx512m -Dfile.encoding=windows-1251 -Duser.country=RU -Duser.language=ru -Duser.variant 
java_command: org.gradle.launcher.daemon.bootstrap.GradleDaemon 5.2.1
java_class_path (initial): C:\Users\1\.gradle\wrapper\dists\gradle-5.2.1-bin\9lc4nzslqh3ep7ml2tp68fk8s\gradle-5.2.1\lib\gradle-launcher-5.2.1.jar
Launcher Type: SUN_STANDARD

Environment Variables:
JAVA_HOME=C:\Program Files\Java\jdk1.8.0_202
PATH=C:\Program Files\Java\jdk1.8.0_202\bin;C:\Program Files (x86)\Common Files\Oracle\Java\javapath;C:\ProgramData\Oracle\Java\javapath;C:\Program Files (x86)\NVIDIA Corporation\PhysX\Common;C:\Program Files\Common Files\Microsoft Shared\Windows Live;C:\Program Files (x86)\Common Files\Microsoft Shared\Windows Live;C:\Windows\system32;C:\Windows;C:\Windows\System32\Wbem;C:\Windows\System32\WindowsPowerShell\v1.0\;C:\Program Files (x86)\Windows Live\Shared;C:\Program Files (x86)\Skype\Phone\;C:\Users\1\AppData\Local\Programs\EmEditor
USERNAME=1
OS=Windows_NT
PROCESSOR_IDENTIFIER=Intel64 Family 6 Model 42 Stepping 7, GenuineIntel



---------------  S Y S T E M  ---------------

OS: Windows 7 , 64 bit Build 7601 (6.1.7601.24354)

CPU:total 4 (initial active 4) (4 cores per cpu, 1 threads per core) family 6 model 42 stepping 7, cmov, cx8, fxsr, mmx, sse, sse2, sse3, ssse3, sse4.1, sse4.2, popcnt, avx, aes, clmul, tsc, tscinvbit

Memory: 4k page, physical 4175116k(742756k free), swap 6270364k(36484k free)

vm_info: Java HotSpot(TM) 64-Bit Server VM (25.202-b08) for windows-amd64 JRE (1.8.0_202-b08), built on Dec 15 2018 19:54:30 by "java_re" with MS VC++ 10.0 (VS2010)

time: Wed Mar 06 21:28:29 2019
timezone: RTZ 4 (зима)
elapsed time: 4 seconds (0d 0h 0m 4s)

